1107.9208423718549 3.59203751931013 0.7935966990000929 525 1.2416037811948752 0.7396327518564212
1076.4226013131008 3.259208137354315 0.701939088068884 522 1.045683921699889 0.7370561117705812
1078.1278347659204 -0.8368892560910107 0.8484971872949664 508 1.3183183498727846 0.7555007943688998
1100.8555887886648 -3.259396290077304 0.838122579310207 517 1.2955069568493562 0.74813579046361
1084.660660855805 -3.167389265942537 0.7077857712179298 524 1.1090848791341306 0.7356522812417335
1102.0674596843896 1.3127586400458364 0.6439414499070099 523 1.1803303474557234 0.739363550302247
1078.4424279993434 1.407066979249297 0.6630823625907254 534 0.9272919177754377 0.7251805538691057
1050.1346855821787 9.637899712492056 0.6364833889318888 529 0.8924798393958303 0.7270985666922578
1101.7375799513609 -2.9558041518540836 0.8012419958487701 516 1.365772303866097 0.7485468040128324
1054.6659916610085 1.1191406663686156 0.7974748374313219 534 0.8861283775300628 0.7232829674956663
1122.2688934337305 5.732568905609366 0.8235552904884011 517 1.4800203425225 0.748644808997164
1088.9803677696918 3.21295765445578 0.7835349531135052 520 1.199499860873104 0.7414863841468939
1103.6551690929568 6.446784414795796 0.8462699420234038 518 1.3995293226517447 0.7475735975130599
1110.8316649236508 -4.838760457792924 0.6765080863795846 514 1.4720973006675562 0.7529046043296952
1074.8625508801663 4.848269256437502 0.5433350800083295 515 1.2469660181565383 0.7464938454481311
1140.6259338604125 0.40674872891167624 0.8289566940164659 525 1.4824574759395446 0.7449288204189002
1109.237751866501 -0.13579466494933584 0.7063395736129833 517 1.4533684780075034 0.7495057812440957
1100.6749148052922 2.2442048932790852 0.7179376191393102 521 1.3483493190244014 0.7419669539400571
1118.2196940979686 -8.238956799036968 0.7824782522761382 508 1.6893166597817544 0.7647734745116511
1091.655354124441 9.568390214140571 0.7064388878347623 532 1.0269903992775948 0.7283128458699292
1117.0890840305792 4.1251331779713745 0.5085017081276323 522 1.3749417219015412 0.74325406980367
1109.9633196053987 -7.310263540615615 0.8266610317607919 518 1.5332258733880406 0.7489135037604024
1100.0436293942685 3.4898544207017013 0.6235674670395629 527 1.1087211731257067 0.7336447132294296
1127.8868257384106 5.513456712729687 0.6178948434627723 521 1.549052461172349 0.7497110276519444
1123.2806573434204 10.642211961325897 0.8310550624629631 520 1.5163916012624437 0.7465088879098215
1098.6691446242226 4.311761264843235 0.8333542220701448 508 1.605842932700606 0.761138395296239
1092.2003205707645 1.0552809754028758 0.6588193311657373 527 1.122993672013816 0.7334217632870791
1060.9762751486621 2.7053444363505452 0.8363437466383723 526 0.9407504722923968 0.7311007399451269
1082.0468229829776 0.5762902543710011 0.6047635865772224 527 1.0146982880175086 0.7321473068396785
1078.143592823864 1.9487050570443463 0.6285555211937175 526 1.0502351741534484 0.7334872753246828
1103.3439619952328 -5.71084166572466 0.8153295252820172 526 1.152320600955236 0.7348541253336174
1080.517468735084 2.4159789871658015 0.8290388993430401 526 1.0475657511355936 0.7327360654938789
1100.7419860445634 0.8934502323415565 0.8321562455433964 519 1.265334410943826 0.7442448708861119
1052.4986682813633 -5.028504871242727 0.8607503873349877 524 0.9050459205055958 0.7320334305081732
1109.702902081711 -3.3372673088499893 0.7940740392355631 520 1.3799596997122043 0.7425528768114852
1102.991614928694 1.6487922509514137 0.8298382931275214 512 1.493909956048453 0.7519727111131473
1110.4816087729791 -6.974595361500349 0.55756174259091 512 1.4664220723348838 0.756014294540076
1122.5959237416769 10.073532993188314 0.8105347899445449 522 1.393958881620961 0.742906028692428
1095.6862652660343 0.543145129551016 0.5986755470107487 531 1.0623737442796695 0.7292872770693686
1136.7414207720312 -1.6105598253304132 0.8107478427512756 525 1.4272472514252776 0.7421947145022302
1085.2824421472562 -2.3958203264084235 0.8426864392322828 525 1.0580907364388723 0.734412257524747
1114.009288421219 1.7227849005989626 0.724257277444072 521 1.532884839904132 0.7453745240131956
1117.1902262098768 1.522359041642011 0.6546871806154401 513 1.5233901730708466 0.7548600742559577
1137.508637498439 -7.49364020705936 0.8139569135544445 531 1.30262051618846 0.735215912977552
1090.5800835517337 4.0440538620730235 0.7768424265678215 535 0.9617566124721894 0.725361450190798
1085.4591430881233 -3.8045349057177633 0.5814137798660992 538 0.9482307842450357 0.7224803174064088
1096.8789782974056 1.0936238701563292 0.75264926922684 518 1.2539154987056147 0.7443433667076739
1076.98953362575 -2.7080339692853 0.8324074200272568 522 1.0199886113344372 0.7363861371954649
1084.2223685015995 0.9972628862697084 0.7663566801678966 522 1.1627387813598862 0.7383760366401652
1103.033075735468 -3.4328570871959405 0.6127352801806158 525 1.2703513180770882 0.7372866546153445
1103.7863718456417 -1.92048078029557 0.5134614916626073 507 1.60024408333433 0.7640322752978066
1092.775331265695 2.7630987026927847 0.8153765191966679 526 1.1466225578171994 0.7355722271185715
1051.5680367899279 -2.132563532932775 0.7579579567729049 522 0.9245577795171199 0.7341942650363277
1102.9800057474358 7.522491111012858 0.7920142408898189 521 1.3128938222561024 0.7414970442906957
1119.7736030262743 2.3651880534738945 0.7979041930987836 518 1.4056904914517374 0.7492697681646372
1125.519573304345 10.545378577316876 0.8319473946202429 522 1.6433283303867106 0.7497996614055059
1115.6899370038002 1.7938424889959097 0.6657057770325443 512 1.5822753966941796 0.7579061612382487
1106.3964922247244 0.4704481420190012 0.7255239481484151 506 1.7354560040865727 0.7631215473519198
1101.0660569555896 1.7488512320207799 0.7889821856937266 514 1.3174371179333801 0.7497652692480895
1127.807917706642 -6.902267491876418 0.8096277497107599 518 1.5290723765453398 0.7520485186420867
1081.5629222584914 -4.62140720721425 0.8321417300312259 520 1.1348196013240848 0.7400202810904662
1094.6936497634163 1.278512707089956 0.7368835516502821 540 0.8941456331029458 0.7202310663557311
1099.0629149241772 3.3916163648004276 0.8277629586661335 514 1.5549023552852501 0.7540635181582673
1113.168570665444 3.7749013632101205 0.7506408472778813 509 1.5795314505869338 0.7629898768618227
1118.666879448563 13.681118816260849 0.6796148816233195 522 1.3212762561850246 0.7428593028233836
1085.5117989794098 -4.739418348248149 0.8295258248458357 521 1.10545556940623 0.7391505505469331
1095.2223838191742 -2.1852619329745595 0.5663739330282546 519 1.1818008390153842 0.7435259348308731
1079.3079578165004 -2.2209077131984745 0.8139943705136096 531 0.9823125530185296 0.727853023740732
1116.460537289549 -5.293248154482383 0.8434021049941196 516 1.6277348993411656 0.7548433036172749
1075.2147948258678 3.8269455028846897 0.7672800710880054 528 0.9386602734017591 0.7304138302633554
1110.3744917749516 0.5029462820262618 0.7206489135959309 522 1.2056967721238976 0.7398026215378922
1115.0018914698005 0.43481601655174573 0.8169986281469577 513 1.4433458935773207 0.7524341715293412
1109.3352308073092 -5.56733968782084 0.7653468247056237 511 1.3853859085474383 0.7530976592520361
1070.9290996610553 5.4411212240788895 0.8044534991275648 519 1.1116097726297585 0.7394308772233608
1077.9917136844551 -6.965423587900502 0.7697126696380276 524 1.0339619144793155 0.7348875626464852
1099.8171401033821 -0.2123589749296375 0.6366059438292192 531 1.050765560860314 0.729247504536239
1093.155501261487 -0.049460233325202364 0.518707252797203 527 1.1166558236743493 0.733558226774441
1058.3266732042962 -1.0220043455620926 0.5987440330877163 525 0.9681883750272622 0.7313144505043282
1089.7094219414175 3.255499407349431 0.5195464111738346 519 1.2290870938188012 0.7430593873256258
1118.8075831365954 2.481701552203506 0.8409839956606228 517 1.5612863940275152 0.7525697629757618
1047.7336811600505 2.079444647795254 0.7143643086294544 528 0.8882660993330077 0.7279596510199977
1121.3896314816577 4.699502234210933 0.633348141695138 522 1.3077863271701062 0.7397212381735645
1074.7472180230598 -6.665586694831962 0.6625519879311536 527 0.9556497700694858 0.7313053843479089
1122.644888480993 7.444614008317683 0.7913657060664492 526 1.3611211499582834 0.739064679738743
1096.0982854026283 3.300182515420474 0.7377785905089603 521 1.2068528880183451 0.7404550010731531
1073.7094302880066 3.6236319017849823 0.86247429715762 524 1.0766847088980847 0.7347265693486558
1113.018253628144 3.141432376015372 0.5771336014766213 516 1.5678891397637515 0.7524285393771657
1128.030965342209 0.256916672200195 0.6765604074654025 520 1.4968876537359654 0.7478051800251998
1103.6055050903349 -0.08115508815268671 0.5460379563724163 519 1.3390989643806441 0.7435002540793496
1091.5380442070564 5.883620670858332 0.8370379256428198 529 1.0758312267769812 0.7312433065061137
1081.8695720900748 0.2770135903945452 0.7807786877767814 538 0.902784989670193 0.7208661055510918
1098.3862405729176 4.883848776140138 0.7067152074255365 519 1.2815243581181992 0.7443596790684595
1119.6077748675107 -1.3753336850346665 0.533962973918985 528 1.310630643570788 0.7367890030538289
1113.4770294286761 6.671143585920938 0.8358190197761841 523 1.3248879663513995 0.7409190136695463
1095.5823961932208 -4.913100176431655 0.6730613567207452 519 1.2454077518710884 0.744054369762245
1090.5346402828964 -4.453122911278836 0.6833146931206974 530 1.0671250731426476 0.7310433372018815
1109.762509441825 6.440950399871559 0.7656171542156837 520 1.2594161868730054 0.7436445671433942
1098.1616443530331 -6.664054787739531 0.6323363162792653 527 1.1099201397864817 0.7342510914928052
1119.4574618437882 5.535238951213032 0.7543530024497433 521 1.4726759662048021 0.7457893964855244
1122.4537115808819 3.807956891080814 0.5639766024136935 528 1.2506690388209956 0.7363697977661339
