992.5937655474252 -8.57132718532862 0.5714018537849084 573.0 1.2416037811948752 0.7834552899277641
979.1312336938433 -0.8264375976211727 0.7527516664156123 584.0 1.038415606771582 0.7696416143542757
1004.6953207420726 3.4201837900074388 0.719999688064521 580.0 1.3183183498727848 0.7771997096110995
1006.130702344532 5.540379603235208 0.7338155870298502 576.0 1.2776055731642717 0.7809647169081061
976.0102967824356 3.211285493213366 0.7253115340817652 576.0 1.1090848791341306 0.7787572622555539
995.2049031229814 3.4827740016783166 0.7843338987918296 577.0 1.1853172977436774 0.7785436869845018
972.9613925326136 -2.9008395151985904 0.6055592386652521 584.0 0.9240763452512739 0.7676970897565071
955.281749706978 2.499583379238276 0.7503085889335945 593.0 0.8299253343624567 0.7573006152745487
1000.694149009212 -2.6323042757500574 0.7077999321996786 578.0 1.365772303866097 0.7792568275488708
956.8036256883058 2.493922197449475 0.6840102157003872 601.0 0.8190685799327196 0.7504375673327548
1013.0408856283399 6.152385558176881 0.7289925801665831 569.0 1.4800203425225 0.7908361560236064
983.6148390374246 -2.5481093689153798 0.6739062519548928 572.0 1.20149784038553 0.7828783886767029
993.1018718590668 -4.275689938194976 0.6662432431192277 572.0 1.3995293226517447 0.786097161323319
1005.6359593413302 -3.921912759747613 0.6880876402390997 573.0 1.4720973006675562 0.7877033044577542
981.8625173627054 -2.7781349288761277 0.744295658037042 573.0 1.2410965714286968 0.7818460267129688
1023.5044184477193 -0.1395649197428537 0.6984733172644241 572.0 1.4824574759395444 0.7869302638659276
1006.1880280885526 4.652500560029068 0.6317482043247703 570.0 1.4533684780075034 0.7898431820747582
983.3680485814283 3.3135474253960533 0.5688062650884201 569.0 1.3483493190244014 0.7870032011111276
1018.616316970143 3.923982149884462 0.6759796859788363 570.0 1.6893166597817544 0.792771816279539
972.485059846897 2.1882979339506226 0.5752883963611504 579.0 0.9803955832121097 0.772889186697124
1007.9716210823126 0.36975416241562414 0.7592133427375779 570.0 1.3683134713123732 0.7890657714320634
1002.6084196136392 -1.170027471389517 0.5298750711101063 564.0 1.5332258733880408 0.7950380693132962
970.3292660000672 5.931739161487319 0.7099546883389944 573.0 1.0961527223032754 0.780440955452892
1003.9687430396639 3.005922182744266 0.7646545801814856 564.0 1.549052461172349 0.7959227646251129
983.9202485624336 3.069060175999155 0.520836490007965 553.0 1.5161100934209422 0.8067326308399513
1012.8407456318268 14.246973917020654 0.6649290512092008 566.0 1.605842932700606 0.7930663681002869
977.5693127322384 1.5942402875214343 0.7562000271647703 581.0 1.1229936720138163 0.7724978463251898
958.1676564452234 -1.2264082705109742 0.6598116800329926 586.0 0.8700316904411791 0.7647451445769134
973.4704088665502 -2.861593794502128 0.5879350994414064 588.0 1.0066127271351653 0.7653569502528066
981.4836045128383 -0.8335063848021605 0.7048690067744152 590.0 1.0500219174712015 0.7638150192451965
991.5252740298147 -1.3732804524135003 0.7368204373499262 574.0 1.1743452944128985 0.7810012173503661
982.162879694817 -0.9832233751274263 0.6167124548245031 586.0 1.0374943945052693 0.7668323448167726
986.4993842703893 7.484562273942545 0.564106043385292 567.0 1.265334410943826 0.7893481779616048
951.649795804103 4.328853324419434 0.7443228829089719 576.0 0.9071438749749088 0.7745910588682166
994.4148769058821 6.070420007912044 0.7515730000570592 567.0 1.3799596997122043 0.7905539301151316
1003.3527588878153 0.6052042604928556 0.7264356017110734 569.0 1.493909956048453 0.790365298941831
1029.1609630487922 8.840827241841035 0.7495263072855047 571.0 1.4664220723348838 0.7894912189610545
993.5215311581028 4.346072181872034 0.6030310504936454 574.0 1.393958881620961 0.786059139153564
986.5267345696527 -1.2385020056569418 0.5033468701874707 589.0 1.0619015328039474 0.7654813827697202
1003.0213555962575 3.7186626294883816 0.7399530776629419 566.0 1.4310234762603198 0.7945462694148107
974.850302433122 3.316908186209619 0.7009996035842533 577.0 1.036186063245652 0.7762475845733828
993.7006951064304 -4.967612845508727 0.6391269631970212 562.0 1.532884839904132 0.7971421539191531
1016.9272404557454 -2.853878996370325 0.6491158093836993 580.0 1.5248322889544332 0.7799285726223896
1004.8426003668084 -1.3379425026746445 0.7685893832733999 576.0 1.2958599050020452 0.7805457023857447
972.0729317826139 6.86094733761629 0.6390904024231152 589.0 0.94557488454151 0.7637328149853264
972.8266166240363 -1.4808788004429023 0.6176675193899872 598.0 0.9187911143208336 0.7550645209784574
988.2174521927182 7.403717194756683 0.5513782479345058 564.0 1.2560241627202684 0.7923910918797294
950.7688580464745 0.19475379239280666 0.6122769824994228 566.0 1.0457051509607713 0.786468931694891
989.1287366288635 -1.5542579385596698 0.7278948275517364 578.0 1.1588441565310559 0.7759294448283213
994.1084953085602 1.7018680651167466 0.7338869039215029 581.0 1.2703513180770882 0.7751231472436207
1012.6825755674773 0.023625100931853563 0.7491731276768662 574.0 1.60024408333433 0.788264111316467
976.5595835985335 -1.2057360540050526 0.58004309874014 570.0 1.1466225578171994 0.7844662514391599
952.2423926917972 -3.1926388309516565 0.7506625219834182 584.0 0.9282474741263805 0.7669235941571797
988.4001284033745 -7.111868548828653 0.7726267713639675 569.0 1.3206338156616957 0.787623222965288
1021.1590976664812 -0.32866929868034905 0.727293926325392 571.0 1.3729719734980252 0.7870360048835455
1001.0272889668688 -2.3025549057563595 0.7278400855851578 565.0 1.6433283303867106 0.7976907574499141
1027.7923444904054 -4.605063512800417 0.6578624289468001 579.0 1.5822753966941796 0.783458867762813
1009.8140517469203 -0.9589708014487845 0.7134403127158087 565.0 1.735456004086573 0.7985513968568271
1009.7676188108122 5.990506336638913 0.71069470830461 579.0 1.326714723364621 0.7797805218039962
1021.2768889950345 5.044913361014319 0.716124115131576 572.0 1.5026962755178044 0.7874870401835383
991.637290384455 2.2138165701538495 0.7825715953592705 586.0 1.1291605120133228 0.7686682665565391
957.0912394787108 0.2172345973835634 0.7567239611111994 576.0 0.9130902300565109 0.7746895801988561
994.0453444051429 -7.757397463541881 0.6131086770541793 561.0 1.5549023552852501 0.7979096967024792
1023.2886325703129 -4.1639978438863645 0.6125054837685893 568.0 1.5329841401603965 0.7938132819375072
1005.3663731784463 3.6402371482454474 0.7625856349210031 578.0 1.342530159496811 0.7801347179304762
989.9905232970237 4.173736015677777 0.7365160141921985 575.0 1.0876542800151587 0.779352050731706
987.6510064191056 2.619828752791651 0.7559145518689313 572.0 1.1609888839531466 0.7818729961502551
970.9648155317387 1.109357902364704 0.6974837273781891 598.0 0.9870385714392989 0.7548659391899528
992.619384309471 -3.7394231613746527 0.6619253998397484 554.0 1.6277348993411656 0.807776930268563
971.7717206871768 3.6096064570998494 0.6849621773949618 584.0 0.8917817577584927 0.7673063867296243
998.5978774443946 7.041427668641823 0.6742294777965459 567.0 1.2056967721238976 0.7886665545274664
1013.7387797916726 8.666158128801808 0.7327108904753661 566.0 1.4443724946254208 0.795649140795118
1015.7298648496522 3.7764865195159167 0.5994884414864974 573.0 1.3786945743424905 0.7858253264739371
964.828666300406 4.822264651496832 0.7545999105529971 569.0 1.1028590050811313 0.7840263114437455
964.505750862705 0.07579368465714903 0.7206823567656806 576.0 1.008671584111528 0.7762482590911517
978.0547284080401 1.1547162163282743 0.6214977015847497 578.0 1.0375390746322726 0.7752035197226689
961.159921633395 -1.1303812101682849 0.7355102475084385 568.0 1.1166558236743493 0.785251222873564
959.7000976447127 6.169902060072736 0.666631051637166 581.0 0.9531204784378641 0.7702150564643113
973.6818186422263 4.576134243744368 0.7177161450690366 569.0 1.2290870938188014 0.785468860366205
999.6259277756234 0.8774704444261197 0.7443421564187996 562.0 1.5612863940275152 0.7987552792769064
958.2628583012289 3.3536385997395985 0.5766561610429788 598.0 0.8371333814486374 0.7530607646910691
1009.4015843686202 -2.342417088581034 0.7452236746206821 579.0 1.3077863271701065 0.7798250489878488
965.8127089248167 1.7330664476440216 0.5776613016263612 584.0 0.9523236494704014 0.767113858005255
1002.2110181304744 1.0446058319798996 0.6686984428163432 570.0 1.3779086158589107 0.7878300685261542
979.601356043888 3.821001576100772 0.6024188190804668 566.0 1.2177437198672214 0.788515121667102
974.5310759902055 -3.1865864848391245 0.7785678638870078 587.0 1.0679091003767491 0.7660485875858426
1006.9300535817905 -0.9949208783099628 0.7323025957993624 566.0 1.5678891397637515 0.7955180443059715
1014.6938471237929 4.235100581794799 0.6589439559681627 572.0 1.4871402073993376 0.7868745832830609
1004.1658327818424 2.5723107491473716 0.6091640641219944 574.0 1.3390989643806441 0.7834806246756458
962.55169075718 1.688142221024262 0.695783182319452 577.0 1.0747765230839645 0.7758503286033424
948.3948848429828 -1.9830969571105006 0.7718807075239498 581.0 0.8965391125787234 0.7691505362865572
988.3392222942794 0.9691271924180523 0.5649588485106155 569.0 1.2815243581181992 0.7873598834624977
997.8647058909769 -1.8984978718574121 0.5854683024320338 568.0 1.3204222593905326 0.7892757758639015
995.2827228873325 4.415956389796396 0.7707591378762011 577.0 1.3248879663513993 0.7810528619499562
995.4467596869209 4.792109577777419 0.6366198760507155 577.0 1.1973129151665494 0.777581510163408
966.006935605194 6.911490721858068 0.5551395782633108 571.0 1.0559938217830585 0.7824227061668432
998.472913824439 -2.2739578089868 0.7437989960368753 569.0 1.2854674018280041 0.7884728746981842
985.717129685804 5.9145764222330675 0.6054486135239258 585.0 1.088110924516916 0.7688521465420041
1016.3888131235749 4.22847661720613 0.5292027894827708 570.0 1.4726759662048021 0.7896067847025144
996.0976434879539 11.23730943083927 0.6344864420528287 578.0 1.2726000142677862 0.7788079476473927
